\BOOKMARK [1][-]{section.1}{1 Introduction}{}% 1
\BOOKMARK [1][-]{section.2}{2 Related Work}{}% 2
\BOOKMARK [2][-]{subsection.2.1}{2.1 Association Rule Mining}{section.2}% 3
\BOOKMARK [2][-]{subsection.2.2}{2.2 Logical Rule Mining}{section.2}% 4
\BOOKMARK [2][-]{subsection.2.3}{2.3 Expert Rule Mining}{section.2}% 5
\BOOKMARK [2][-]{subsection.2.4}{2.4 Generating Schemas}{section.2}% 6
\BOOKMARK [2][-]{subsection.2.5}{2.5 Relational Machine Learning}{section.2}% 7
\BOOKMARK [2][-]{subsection.2.6}{2.6 Learning Rules From Hybrid Sources}{section.2}% 8
\BOOKMARK [2][-]{subsection.2.7}{2.7 Further Applications of Rule Mining}{section.2}% 9
\BOOKMARK [1][-]{section.3}{3 Preliminaries}{}% 10
\BOOKMARK [2][-]{subsection.3.1}{3.1 RDF KBs}{section.3}% 11
\BOOKMARK [2][-]{subsection.3.2}{3.2 Functions}{section.3}% 12
\BOOKMARK [2][-]{subsection.3.3}{3.3 Rules}{section.3}% 13
\BOOKMARK [2][-]{subsection.3.4}{3.4 Measures of Significance}{section.3}% 14
\BOOKMARK [1][-]{section.4}{4 Confidence Measures}{}% 15
\BOOKMARK [2][-]{subsection.4.1}{4.1 Challenges}{section.4}% 16
\BOOKMARK [2][-]{subsection.4.2}{4.2 The CWA and Standard Confidence}{section.4}% 17
\BOOKMARK [2][-]{subsection.4.3}{4.3 The PCA and the PCA-Confidence}{section.4}% 18
\BOOKMARK [1][-]{section.5}{5 AMIE}{}% 19
\BOOKMARK [2][-]{subsection.5.1}{5.1 Algorithm}{section.5}% 20
\BOOKMARK [2][-]{subsection.5.2}{5.2 Count Projection Queries}{section.5}% 21
\BOOKMARK [2][-]{subsection.5.3}{5.3 Query Implementation Details}{section.5}% 22
\BOOKMARK [1][-]{section.6}{6 Scalability Improvements: AMIE+}{}% 23
\BOOKMARK [2][-]{subsection.6.1}{6.1 Speeding Up Rule Refinement}{section.6}% 24
\BOOKMARK [2][-]{subsection.6.2}{6.2 Speeding up Confidence Evaluation}{section.6}% 25
\BOOKMARK [3][-]{subsubsection.6.2.1}{6.2.1 Confidence Approximation}{subsection.6.2}% 26
\BOOKMARK [3][-]{subsubsection.6.2.2}{6.2.2 Computing the Approximation}{subsection.6.2}% 27
\BOOKMARK [3][-]{subsubsection.6.2.3}{6.2.3 Discussion}{subsection.6.2}% 28
\BOOKMARK [3][-]{subsubsection.6.2.4}{6.2.4 Confidence Upper Bounds}{subsection.6.2}% 29
\BOOKMARK [1][-]{section.7}{7 Experiments}{}% 30
\BOOKMARK [2][-]{subsection.7.1}{7.1 Experimental Setup}{section.7}% 31
\BOOKMARK [2][-]{subsection.7.2}{7.2 AMIE vs. AMIE+}{section.7}% 32
\BOOKMARK [2][-]{subsection.7.3}{7.3 AMIE\(+\) vs. State-of-the-Art Systems}{section.7}% 33
\BOOKMARK [3][-]{subsubsection.7.3.1}{7.3.1 AMIE\(+\) vs. WARMR}{subsection.7.3}% 34
\BOOKMARK [3][-]{subsubsection.7.3.2}{7.3.2 AMIE\(+\) vs. ALEPH}{subsection.7.3}% 35
\BOOKMARK [2][-]{subsection.7.4}{7.4 Evaluation of the PCA}{section.7}% 36
\BOOKMARK [2][-]{subsection.7.5}{7.5 Predicting Facts}{section.7}% 37
\BOOKMARK [1][-]{section.8}{8 Conclusion}{}% 38
